Using pre-set license
Built from '2020.2/release' branch; Version is '2020.2.1f1 (270dd8c3da1c) revision 2559448'; Using compiler version '192528614'; Build Type 'Release'
OS: 'Windows 10  (10.0.0) 64bit' Language: 'en' Physical Memory: 65454 MB
BatchMode: 1, IsHumanControllingUs: 0, StartBugReporterOnCrash: 0, Is64bit: 1, IsPro: 0

 COMMAND LINE ARGUMENTS:
E:\Unity\2020.2.1f1\Editor\Unity.exe
-adb2
-batchMode
-noUpm
-name
AssetImportWorker0
-projectPath
E:/Unity/Projects/Assignment09
-logFile
Logs/AssetImportWorker0.log
-srvPort
57394
Successfully changed project path to: E:/Unity/Projects/Assignment09
E:/Unity/Projects/Assignment09
Using Asset Import Pipeline V2.
Refreshing native plugins compatible for Editor in 17.43 ms, found 0 plugins.
Preloading 0 native plugins for Editor in 0.00 ms.
Initialize engine version: 2020.2.1f1 (270dd8c3da1c)
[Subsystems] Discovering subsystems at path E:/Unity/2020.2.1f1/Editor/Data/Resources/UnitySubsystems
[Subsystems] Discovering subsystems at path E:/Unity/Projects/Assignment09/Assets
GfxDevice: creating device client; threaded=0
Direct3D:
    Version:  Direct3D 11.0 [level 11.1]
    Renderer: NVIDIA GeForce RTX 2080 Ti (ID=0x1e07)
    Vendor:   
    VRAM:     11049 MB
    Driver:   27.21.14.6140
Initialize mono
Mono path[0] = 'E:/Unity/2020.2.1f1/Editor/Data/Managed'
Mono path[1] = 'E:/Unity/2020.2.1f1/Editor/Data/MonoBleedingEdge/lib/mono/unityjit'
Mono config path = 'E:/Unity/2020.2.1f1/Editor/Data/MonoBleedingEdge/etc'
Using monoOptions --debugger-agent=transport=dt_socket,embedding=1,server=y,suspend=n,address=127.0.0.1:56360
Begin MonoManager ReloadAssembly
Registering precompiled unity dll's ...
Register platform support module: E:/Unity/2020.2.1f1/Editor/Data/PlaybackEngines/WebGLSupport/UnityEditor.WebGL.Extensions.dll
Register platform support module: E:/Unity/2020.2.1f1/Editor/Data/PlaybackEngines/MacStandaloneSupport/UnityEditor.OSXStandalone.Extensions.dll
Register platform support module: E:/Unity/2020.2.1f1/Editor/Data/PlaybackEngines/WindowsStandaloneSupport/UnityEditor.WindowsStandalone.Extensions.dll
Register platform support module: E:/Unity/2020.2.1f1/Editor/Data/PlaybackEngines/LinuxStandaloneSupport/UnityEditor.LinuxStandalone.Extensions.dll
Registered in 0.001327 seconds.
Native extension for LinuxStandalone target not found
Native extension for WindowsStandalone target not found
Native extension for OSXStandalone target not found
Native extension for WebGL target not found
Refreshing native plugins compatible for Editor in 18.77 ms, found 0 plugins.
Preloading 0 native plugins for Editor in 0.00 ms.
Invoked RoslynAnalysisRunner static constructor.
RoslynAnalysisRunner will not be running.
RoslynAnalysisRunner has terminated.
Mono: successfully reloaded assembly
- Completed reload, in  1.959 seconds
Platform modules already initialized, skipping
Registering precompiled user dll's ...
Registered in 0.000686 seconds.
Begin MonoManager ReloadAssembly
Native extension for LinuxStandalone target not found
Native extension for WindowsStandalone target not found
Native extension for OSXStandalone target not found
Native extension for WebGL target not found
Refreshing native plugins compatible for Editor in 0.17 ms, found 0 plugins.
Preloading 0 native plugins for Editor in 0.00 ms.
Invoked RoslynAnalysisRunner static constructor.
RoslynAnalysisRunner will not be running.
RoslynAnalysisRunner has terminated.
Mono: successfully reloaded assembly
- Completed reload, in  0.677 seconds
Platform modules already initialized, skipping
========================================================================
Worker process is ready to serve import requests
Launched and connected shader compiler UnityShaderCompiler.exe after 0.02 seconds
Refreshing native plugins compatible for Editor in 0.18 ms, found 0 plugins.
Preloading 0 native plugins for Editor in 0.00 ms.
Unloading 1094 Unused Serialized files (Serialized files now loaded: 0)
System memory in use before: 55.9 MB.
System memory in use after: 55.9 MB.

Unloading 10 unused Assets to reduce memory usage. Loaded Objects now: 1533.
Total: 1.175000 ms (FindLiveObjects: 0.119900 ms CreateObjectMapping: 0.035100 ms MarkObjects: 0.976200 ms  DeleteObjects: 0.043100 ms)

========================================================================
Received Import Request.
  path: Assets
  artifactKey: Guid(00000000000000001000000000000000) Importer(815301076,1909f56bfc062723c751e8b465ee728b)
Start importing Assets using Guid(00000000000000001000000000000000) Importer(815301076,1909f56bfc062723c751e8b465ee728b)  -> (artifact id: 'e1a2c4dac9df7c17871e19a3b74f0e9f') in 0.006682 seconds
  Import took 0.008090 seconds .

========================================================================
Received Import Request.
  Time since last request: 0.000143 seconds.
  path: Assets/Scenes
  artifactKey: Guid(076857869f3ad0b46a14920652df3070) Importer(815301076,1909f56bfc062723c751e8b465ee728b)
Start importing Assets/Scenes using Guid(076857869f3ad0b46a14920652df3070) Importer(815301076,1909f56bfc062723c751e8b465ee728b)  -> (artifact id: 'bf351736fa4837585454ed9bf1073d9d') in 0.005224 seconds
  Import took 0.006558 seconds .

========================================================================
Received Import Request.
  Time since last request: 9.033376 seconds.
  path: Assets/Scenes/Game.unity
  artifactKey: Guid(732b1a8862db04641b316a7e75f285e1) Importer(815301076,1909f56bfc062723c751e8b465ee728b)
Start importing Assets/Scenes/Game.unity using Guid(732b1a8862db04641b316a7e75f285e1) Importer(815301076,1909f56bfc062723c751e8b465ee728b)  -> (artifact id: 'c61e9fa6aaf658836278f3677d00aacb') in 0.012681 seconds
  Import took 0.014075 seconds .

========================================================================
Received Import Request.
  Time since last request: 0.542827 seconds.
  path: Assets/Scenes/SampleScene.unity
  artifactKey: Guid(9fc0d4010bbf28b4594072e72b8655ab) Importer(815301076,1909f56bfc062723c751e8b465ee728b)
Start importing Assets/Scenes/SampleScene.unity using Guid(9fc0d4010bbf28b4594072e72b8655ab) Importer(815301076,1909f56bfc062723c751e8b465ee728b)  -> (artifact id: '016640421bf54ce873cbc7b610fdb87c') in 0.006658 seconds
  Import took 0.008301 seconds .

========================================================================
Received Import Request.
  Time since last request: 11.619606 seconds.
  path: Assets/Scripts
  artifactKey: Guid(01f941fb4dee215449a6aea5d31ae919) Importer(815301076,1909f56bfc062723c751e8b465ee728b)
Start importing Assets/Scripts using Guid(01f941fb4dee215449a6aea5d31ae919) Importer(815301076,1909f56bfc062723c751e8b465ee728b)  -> (artifact id: 'f7c921eedf141562ddea4841132d7a81') in 0.006247 seconds
  Import took 0.007838 seconds .

========================================================================
Received Import Request.
  Time since last request: 11.844608 seconds.
  path: Assets/Scripts/Saver.cs
  artifactKey: Guid(09f160a3c8a5a6c4da45980d8b2351bd) Importer(815301076,1909f56bfc062723c751e8b465ee728b)
Start importing Assets/Scripts/Saver.cs using Guid(09f160a3c8a5a6c4da45980d8b2351bd) Importer(815301076,1909f56bfc062723c751e8b465ee728b)  -> (artifact id: '2d094a49880af299e94ed37bc5737b9c') in 0.025907 seconds
  Import took 0.027722 seconds .

========================================================================
Received Prepare
Registering precompiled user dll's ...
Registered in 0.000526 seconds.
Begin MonoManager ReloadAssembly
Native extension for LinuxStandalone target not found
Native extension for WindowsStandalone target not found
Native extension for OSXStandalone target not found
Native extension for WebGL target not found
Refreshing native plugins compatible for Editor in 0.16 ms, found 0 plugins.
Preloading 0 native plugins for Editor in 0.00 ms.
Invoked RoslynAnalysisRunner static constructor.
RoslynAnalysisRunner will not be running.
RoslynAnalysisRunner has terminated.
Mono: successfully reloaded assembly
- Completed reload, in  0.660 seconds
Platform modules already initialized, skipping
Refreshing native plugins compatible for Editor in 0.21 ms, found 0 plugins.
Preloading 0 native plugins for Editor in 0.00 ms.
Unloading 1090 Unused Serialized files (Serialized files now loaded: 0)
System memory in use before: 56.0 MB.
System memory in use after: 56.0 MB.

Unloading 5 unused Assets to reduce memory usage. Loaded Objects now: 1536.
Total: 1.567100 ms (FindLiveObjects: 0.185700 ms CreateObjectMapping: 0.040900 ms MarkObjects: 1.291100 ms  DeleteObjects: 0.048100 ms)

========================================================================
Received Prepare
Registering precompiled user dll's ...
Registered in 0.000499 seconds.
Begin MonoManager ReloadAssembly
Native extension for LinuxStandalone target not found
Native extension for WindowsStandalone target not found
Native extension for OSXStandalone target not found
Native extension for WebGL target not found
Refreshing native plugins compatible for Editor in 0.16 ms, found 0 plugins.
Preloading 0 native plugins for Editor in 0.00 ms.
Invoked RoslynAnalysisRunner static constructor.
RoslynAnalysisRunner will not be running.
RoslynAnalysisRunner has terminated.
Mono: successfully reloaded assembly
- Completed reload, in  0.643 seconds
Platform modules already initialized, skipping
Refreshing native plugins compatible for Editor in 0.16 ms, found 0 plugins.
Preloading 0 native plugins for Editor in 0.00 ms.
Unloading 1090 Unused Serialized files (Serialized files now loaded: 0)
System memory in use before: 56.1 MB.
System memory in use after: 56.1 MB.

Unloading 5 unused Assets to reduce memory usage. Loaded Objects now: 1538.
Total: 1.193000 ms (FindLiveObjects: 0.100300 ms CreateObjectMapping: 0.027600 ms MarkObjects: 1.031600 ms  DeleteObjects: 0.032800 ms)

========================================================================
Received Import Request.
  Time since last request: 112.051308 seconds.
  path: Assets/Scripts/Saver.cs
  artifactKey: Guid(09f160a3c8a5a6c4da45980d8b2351bd) Importer(815301076,1909f56bfc062723c751e8b465ee728b)
Start importing Assets/Scripts/Saver.cs using Guid(09f160a3c8a5a6c4da45980d8b2351bd) Importer(815301076,1909f56bfc062723c751e8b465ee728b)  -> (artifact id: '7cf5f9426e5f056e84e7a51aa0264dfb') in 0.003471 seconds
  Import took 0.004792 seconds .

========================================================================
Received Import Request.
  Time since last request: 8.117544 seconds.
  path: Assets/Scripts/GameData.cs
  artifactKey: Guid(913ee4c2dd418f94cb40bda603c6d739) Importer(815301076,1909f56bfc062723c751e8b465ee728b)
Start importing Assets/Scripts/GameData.cs using Guid(913ee4c2dd418f94cb40bda603c6d739) Importer(815301076,1909f56bfc062723c751e8b465ee728b)  -> (artifact id: '9a0b34d037497fefc22b9cdfd0323c25') in 0.005447 seconds
  Import took 0.007320 seconds .

========================================================================
Received Prepare
Registering precompiled user dll's ...
Registered in 0.000519 seconds.
Begin MonoManager ReloadAssembly
Native extension for LinuxStandalone target not found
Native extension for WindowsStandalone target not found
Native extension for OSXStandalone target not found
Native extension for WebGL target not found
Refreshing native plugins compatible for Editor in 0.23 ms, found 0 plugins.
Preloading 0 native plugins for Editor in 0.00 ms.
Invoked RoslynAnalysisRunner static constructor.
RoslynAnalysisRunner will not be running.
RoslynAnalysisRunner has terminated.
Mono: successfully reloaded assembly
- Completed reload, in  0.660 seconds
Platform modules already initialized, skipping
Refreshing native plugins compatible for Editor in 0.17 ms, found 0 plugins.
Preloading 0 native plugins for Editor in 0.00 ms.
Unloading 1091 Unused Serialized files (Serialized files now loaded: 0)
System memory in use before: 56.2 MB.
System memory in use after: 56.3 MB.

Unloading 5 unused Assets to reduce memory usage. Loaded Objects now: 1541.
Total: 1.273000 ms (FindLiveObjects: 0.184000 ms CreateObjectMapping: 0.070200 ms MarkObjects: 0.982300 ms  DeleteObjects: 0.035400 ms)

========================================================================
Received Import Request.
  Time since last request: 216.105507 seconds.
  path: Assets/Scripts/GameData.cs
  artifactKey: Guid(913ee4c2dd418f94cb40bda603c6d739) Importer(815301076,1909f56bfc062723c751e8b465ee728b)
Start importing Assets/Scripts/GameData.cs using Guid(913ee4c2dd418f94cb40bda603c6d739) Importer(815301076,1909f56bfc062723c751e8b465ee728b)  -> (artifact id: 'f4ee459c3fe7f1e32473f9134298e42b') in 0.004155 seconds
  Import took 0.005834 seconds .

========================================================================
Received Import Request.
  Time since last request: 6.118337 seconds.
  path: Assets/Scripts/CharacterData.cs
  artifactKey: Guid(cbf96fcad87892d4d84a50c0c908929d) Importer(815301076,1909f56bfc062723c751e8b465ee728b)
Start importing Assets/Scripts/CharacterData.cs using Guid(cbf96fcad87892d4d84a50c0c908929d) Importer(815301076,1909f56bfc062723c751e8b465ee728b)  -> (artifact id: 'cb2a0880e270381a138851b6bbae0daa') in 0.005531 seconds
  Import took 0.007161 seconds .

========================================================================
Received Prepare
Registering precompiled user dll's ...
Registered in 0.000468 seconds.
Begin MonoManager ReloadAssembly
Native extension for LinuxStandalone target not found
Native extension for WindowsStandalone target not found
Native extension for OSXStandalone target not found
Native extension for WebGL target not found
Refreshing native plugins compatible for Editor in 0.31 ms, found 0 plugins.
Preloading 0 native plugins for Editor in 0.00 ms.
Invoked RoslynAnalysisRunner static constructor.
RoslynAnalysisRunner will not be running.
RoslynAnalysisRunner has terminated.
Mono: successfully reloaded assembly
- Completed reload, in  0.646 seconds
Platform modules already initialized, skipping
Refreshing native plugins compatible for Editor in 0.15 ms, found 0 plugins.
Preloading 0 native plugins for Editor in 0.00 ms.
Unloading 1092 Unused Serialized files (Serialized files now loaded: 0)
System memory in use before: 56.3 MB.
System memory in use after: 56.4 MB.

Unloading 5 unused Assets to reduce memory usage. Loaded Objects now: 1544.
Total: 1.481400 ms (FindLiveObjects: 0.116800 ms CreateObjectMapping: 0.036200 ms MarkObjects: 1.287600 ms  DeleteObjects: 0.039900 ms)

========================================================================
Received Import Request.
  Time since last request: 381.414476 seconds.
  path: Assets/Scripts/CharacterData.cs
  artifactKey: Guid(cbf96fcad87892d4d84a50c0c908929d) Importer(815301076,1909f56bfc062723c751e8b465ee728b)
Start importing Assets/Scripts/CharacterData.cs using Guid(cbf96fcad87892d4d84a50c0c908929d) Importer(815301076,1909f56bfc062723c751e8b465ee728b)  -> (artifact id: '3c98995d18e68bbd9003dc103b8a3a6c') in 0.004539 seconds
  Import took 0.006549 seconds .

========================================================================
Received Prepare
Registering precompiled user dll's ...
Registered in 0.000469 seconds.
Begin MonoManager ReloadAssembly
Native extension for LinuxStandalone target not found
Native extension for WindowsStandalone target not found
Native extension for OSXStandalone target not found
Native extension for WebGL target not found
Refreshing native plugins compatible for Editor in 0.19 ms, found 0 plugins.
Preloading 0 native plugins for Editor in 0.00 ms.
Invoked RoslynAnalysisRunner static constructor.
RoslynAnalysisRunner will not be running.
RoslynAnalysisRunner has terminated.
Mono: successfully reloaded assembly
- Completed reload, in  0.640 seconds
Platform modules already initialized, skipping
Refreshing native plugins compatible for Editor in 0.16 ms, found 0 plugins.
Preloading 0 native plugins for Editor in 0.00 ms.
Unloading 1092 Unused Serialized files (Serialized files now loaded: 0)
System memory in use before: 56.4 MB.
System memory in use after: 56.5 MB.

Unloading 5 unused Assets to reduce memory usage. Loaded Objects now: 1546.
Total: 1.142600 ms (FindLiveObjects: 0.110300 ms CreateObjectMapping: 0.033600 ms MarkObjects: 0.966300 ms  DeleteObjects: 0.031700 ms)

========================================================================
Received Import Request.
  Time since last request: 1173.466965 seconds.
  path: Assets/Scripts/Saver.cs
  artifactKey: Guid(09f160a3c8a5a6c4da45980d8b2351bd) Importer(815301076,1909f56bfc062723c751e8b465ee728b)
Start importing Assets/Scripts/Saver.cs using Guid(09f160a3c8a5a6c4da45980d8b2351bd) Importer(815301076,1909f56bfc062723c751e8b465ee728b)  -> (artifact id: 'a88ff0eb139446b10b8370035e18ca39') in 0.007103 seconds
  Import took 0.008793 seconds .

========================================================================
Received Import Request.
  Time since last request: 0.000187 seconds.
  path: Assets/Scripts/Saver.cs
  artifactKey: Guid(09f160a3c8a5a6c4da45980d8b2351bd) Importer(815301076,1909f56bfc062723c751e8b465ee728b)
Start importing Assets/Scripts/Saver.cs using Guid(09f160a3c8a5a6c4da45980d8b2351bd) Importer(815301076,1909f56bfc062723c751e8b465ee728b)  -> (artifact id: 'a88ff0eb139446b10b8370035e18ca39') in 0.001950 seconds
  Import took 0.003215 seconds .

========================================================================
Received Import Request.
  Time since last request: 49.036050 seconds.
  path: Assets/Scripts/MainController.cs
  artifactKey: Guid(48fc0d1d4abd8994099d80201ea5e654) Importer(815301076,1909f56bfc062723c751e8b465ee728b)
Start importing Assets/Scripts/MainController.cs using Guid(48fc0d1d4abd8994099d80201ea5e654) Importer(815301076,1909f56bfc062723c751e8b465ee728b)  -> (artifact id: 'ffaab4c86c08f156f9a5b9351d45be48') in 0.004842 seconds
  Import took 0.006189 seconds .

========================================================================
Received Prepare
Registering precompiled user dll's ...
Registered in 0.000423 seconds.
Begin MonoManager ReloadAssembly
Native extension for LinuxStandalone target not found
Native extension for WindowsStandalone target not found
Native extension for OSXStandalone target not found
Native extension for WebGL target not found
Refreshing native plugins compatible for Editor in 0.16 ms, found 0 plugins.
Preloading 0 native plugins for Editor in 0.00 ms.
Invoked RoslynAnalysisRunner static constructor.
RoslynAnalysisRunner will not be running.
RoslynAnalysisRunner has terminated.
Mono: successfully reloaded assembly
- Completed reload, in  0.589 seconds
Platform modules already initialized, skipping
Refreshing native plugins compatible for Editor in 0.16 ms, found 0 plugins.
Preloading 0 native plugins for Editor in 0.00 ms.
Unloading 1093 Unused Serialized files (Serialized files now loaded: 0)
System memory in use before: 56.5 MB.
System memory in use after: 56.6 MB.

Unloading 5 unused Assets to reduce memory usage. Loaded Objects now: 1549.
Total: 1.451800 ms (FindLiveObjects: 0.224600 ms CreateObjectMapping: 0.080600 ms MarkObjects: 1.116800 ms  DeleteObjects: 0.028600 ms)

========================================================================
Received Prepare
Registering precompiled user dll's ...
Registered in 0.000423 seconds.
Begin MonoManager ReloadAssembly
Native extension for LinuxStandalone target not found
Native extension for WindowsStandalone target not found
Native extension for OSXStandalone target not found
Native extension for WebGL target not found
Refreshing native plugins compatible for Editor in 0.16 ms, found 0 plugins.
Preloading 0 native plugins for Editor in 0.00 ms.
Invoked RoslynAnalysisRunner static constructor.
RoslynAnalysisRunner will not be running.
RoslynAnalysisRunner has terminated.
Mono: successfully reloaded assembly
- Completed reload, in  0.578 seconds
Platform modules already initialized, skipping
Refreshing native plugins compatible for Editor in 0.16 ms, found 0 plugins.
Preloading 0 native plugins for Editor in 0.00 ms.
Unloading 1093 Unused Serialized files (Serialized files now loaded: 0)
System memory in use before: 56.6 MB.
System memory in use after: 56.7 MB.

Unloading 5 unused Assets to reduce memory usage. Loaded Objects now: 1551.
Total: 1.154600 ms (FindLiveObjects: 0.156800 ms CreateObjectMapping: 0.044400 ms MarkObjects: 0.923400 ms  DeleteObjects: 0.029100 ms)

========================================================================
Received Import Request.
  Time since last request: 129.959248 seconds.
  path: Assets/Scripts/MainController.cs
  artifactKey: Guid(48fc0d1d4abd8994099d80201ea5e654) Importer(815301076,1909f56bfc062723c751e8b465ee728b)
Start importing Assets/Scripts/MainController.cs using Guid(48fc0d1d4abd8994099d80201ea5e654) Importer(815301076,1909f56bfc062723c751e8b465ee728b)  -> (artifact id: '7a74bcb082f7a961ba641f12fffbc0e6') in 0.003184 seconds
  Import took 0.004443 seconds .

========================================================================
Received Import Request.
  Time since last request: 968.759876 seconds.
  path: Assets/TextMesh Pro/Resources/Style Sheets/Default Style Sheet.asset
  artifactKey: Guid(f952c082cb03451daed3ee968ac6c63e) Importer(815301076,1909f56bfc062723c751e8b465ee728b)
Start importing Assets/TextMesh Pro/Resources/Style Sheets/Default Style Sheet.asset using Guid(f952c082cb03451daed3ee968ac6c63e) Importer(815301076,1909f56bfc062723c751e8b465ee728b)  -> (artifact id: '038766f12a773973ed22c01f1ce978d2') in 0.013855 seconds
  Import took 0.015606 seconds .

========================================================================
Received Import Request.
  Time since last request: 0.000138 seconds.
  path: Assets/TextMesh Pro/Resources/Fonts & Materials/LiberationSans SDF - Outline.mat
  artifactKey: Guid(79459efec17a4d00a321bdcc27bbc385) Importer(815301076,1909f56bfc062723c751e8b465ee728b)
Start importing Assets/TextMesh Pro/Resources/Fonts & Materials/LiberationSans SDF - Outline.mat using Guid(79459efec17a4d00a321bdcc27bbc385) Importer(815301076,1909f56bfc062723c751e8b465ee728b)  -> (artifact id: '6d9fcbcb84b37b887c31e305afb13524') in 0.136529 seconds
  Import took 0.138285 seconds .

========================================================================
Received Import Request.
  Time since last request: 0.000218 seconds.
  path: Assets/TextMesh Pro/Sprites/EmojiOne.png
  artifactKey: Guid(dffef66376be4fa480fb02b19edbe903) Importer(815301076,1909f56bfc062723c751e8b465ee728b)
Start importing Assets/TextMesh Pro/Sprites/EmojiOne.png using Guid(dffef66376be4fa480fb02b19edbe903) Importer(815301076,1909f56bfc062723c751e8b465ee728b)  -> (artifact id: '1afb0d468ec16ff88a20f3f2984b2a57') in 0.045651 seconds
  Import took 0.047551 seconds .

========================================================================
Received Import Request.
  Time since last request: 0.000132 seconds.
  path: Assets/TextMesh Pro/Resources/Fonts & Materials/LiberationSans SDF - Fallback.asset
  artifactKey: Guid(2e498d1c8094910479dc3e1b768306a4) Importer(815301076,1909f56bfc062723c751e8b465ee728b)
Start importing Assets/TextMesh Pro/Resources/Fonts & Materials/LiberationSans SDF - Fallback.asset using Guid(2e498d1c8094910479dc3e1b768306a4) Importer(815301076,1909f56bfc062723c751e8b465ee728b)  -> (artifact id: '4537c845667f4fa7a13ced69bf8f583b') in 0.031037 seconds
  Import took 0.032652 seconds .

========================================================================
Received Import Request.
  Time since last request: 0.000146 seconds.
  path: Assets/TextMesh Pro/Sprites/EmojiOne.png
  artifactKey: Guid(dffef66376be4fa480fb02b19edbe903) Importer(815301076,1909f56bfc062723c751e8b465ee728b)
Start importing Assets/TextMesh Pro/Sprites/EmojiOne.png using Guid(dffef66376be4fa480fb02b19edbe903) Importer(815301076,1909f56bfc062723c751e8b465ee728b)  -> (artifact id: '1afb0d468ec16ff88a20f3f2984b2a57') in 0.009521 seconds
  Import took 0.011083 seconds .

========================================================================
Received Import Request.
  Time since last request: 0.000142 seconds.
  path: Assets/TextMesh Pro/Resources/TMP Settings.asset
  artifactKey: Guid(3f5b5dff67a942289a9defa416b206f3) Importer(815301076,1909f56bfc062723c751e8b465ee728b)
Start importing Assets/TextMesh Pro/Resources/TMP Settings.asset using Guid(3f5b5dff67a942289a9defa416b206f3) Importer(815301076,1909f56bfc062723c751e8b465ee728b)  -> (artifact id: '60598ddc20286cd98a033a2141c09b2a') in 0.031145 seconds
  Import took 0.032728 seconds .

========================================================================
Received Import Request.
  Time since last request: 0.000139 seconds.
  path: Assets/TextMesh Pro/Fonts/LiberationSans.ttf
  artifactKey: Guid(e3265ab4bf004d28a9537516768c1c75) Importer(815301076,1909f56bfc062723c751e8b465ee728b)
Start importing Assets/TextMesh Pro/Fonts/LiberationSans.ttf using Guid(e3265ab4bf004d28a9537516768c1c75) Importer(815301076,1909f56bfc062723c751e8b465ee728b)  -> (artifact id: '7e40a95a5ab763a96f86e1ef163d4547') in 0.017187 seconds
  Import took 0.018827 seconds .

========================================================================
Received Import Request.
  Time since last request: 0.000152 seconds.
  path: Assets/TextMesh Pro/Resources/Fonts & Materials/LiberationSans SDF - Drop Shadow.mat
  artifactKey: Guid(e73a58f6e2794ae7b1b7e50b7fb811b0) Importer(815301076,1909f56bfc062723c751e8b465ee728b)
Start importing Assets/TextMesh Pro/Resources/Fonts & Materials/LiberationSans SDF - Drop Shadow.mat using Guid(e73a58f6e2794ae7b1b7e50b7fb811b0) Importer(815301076,1909f56bfc062723c751e8b465ee728b)  -> (artifact id: 'c9f838aa9920f0a87f0d9c9c00e166a9') in 0.080216 seconds
  Import took 0.081784 seconds .

========================================================================
Received Import Request.
  Time since last request: 0.000192 seconds.
  path: Assets/TextMesh Pro/Resources/Fonts & Materials/LiberationSans SDF.asset
  artifactKey: Guid(8f586378b4e144a9851e7b34d9b748ee) Importer(815301076,1909f56bfc062723c751e8b465ee728b)
Start importing Assets/TextMesh Pro/Resources/Fonts & Materials/LiberationSans SDF.asset using Guid(8f586378b4e144a9851e7b34d9b748ee) Importer(815301076,1909f56bfc062723c751e8b465ee728b)  -> (artifact id: 'f45b531e2dbacb6e4a37e1e6014cda26') in 0.035709 seconds
  Import took 0.037760 seconds .

========================================================================
Received Import Request.
  Time since last request: 0.000146 seconds.
  path: Assets/TextMesh Pro/Resources/Sprite Assets/EmojiOne.asset
  artifactKey: Guid(c41005c129ba4d66911b75229fd70b45) Importer(815301076,1909f56bfc062723c751e8b465ee728b)
Start importing Assets/TextMesh Pro/Resources/Sprite Assets/EmojiOne.asset using Guid(c41005c129ba4d66911b75229fd70b45) Importer(815301076,1909f56bfc062723c751e8b465ee728b)  -> (artifact id: '2db00d37e354cc2f266d313790f5ab52') in 0.003793 seconds
  Import took 0.005440 seconds .

========================================================================
Received Import Request.
  Time since last request: 0.005179 seconds.
  path: Assets/TextMesh Pro/Resources/Fonts & Materials/LiberationSans SDF.asset
  artifactKey: Guid(8f586378b4e144a9851e7b34d9b748ee) Importer(815301076,1909f56bfc062723c751e8b465ee728b)
Start importing Assets/TextMesh Pro/Resources/Fonts & Materials/LiberationSans SDF.asset using Guid(8f586378b4e144a9851e7b34d9b748ee) Importer(815301076,1909f56bfc062723c751e8b465ee728b)  -> (artifact id: 'f45b531e2dbacb6e4a37e1e6014cda26') in 0.029322 seconds
  Import took 0.031018 seconds .

========================================================================
Received Import Request.
  Time since last request: 144.352993 seconds.
  path: Assets/Button.prefab
  artifactKey: Guid(6a20412270ae16740aa67d73fa8dd246) Importer(815301076,1909f56bfc062723c751e8b465ee728b)
Start importing Assets/Button.prefab using Guid(6a20412270ae16740aa67d73fa8dd246) Importer(815301076,1909f56bfc062723c751e8b465ee728b)  -> (artifact id: '84edda3032084536cca57e16c9a75518') in 0.019075 seconds
  Import took 0.020649 seconds .

========================================================================
Received Import Request.
  Time since last request: 10.268809 seconds.
  path: Assets/Button.prefab
  artifactKey: Guid(6a20412270ae16740aa67d73fa8dd246) Importer(815301076,1909f56bfc062723c751e8b465ee728b)
Start importing Assets/Button.prefab using Guid(6a20412270ae16740aa67d73fa8dd246) Importer(815301076,1909f56bfc062723c751e8b465ee728b)  -> (artifact id: '8838b6838788ad310e25ec3a3f045aee') in 0.003439 seconds
  Import took 0.004927 seconds .

========================================================================
Received Import Request.
  Time since last request: 2.067907 seconds.
  path: Assets/Button.prefab
  artifactKey: Guid(6a20412270ae16740aa67d73fa8dd246) Importer(815301076,1909f56bfc062723c751e8b465ee728b)
Start importing Assets/Button.prefab using Guid(6a20412270ae16740aa67d73fa8dd246) Importer(815301076,1909f56bfc062723c751e8b465ee728b)  -> (artifact id: 'cd33463cc17d4d3ef8eb3745ed9ddf01') in 0.004314 seconds
  Import took 0.006042 seconds .

========================================================================
Received Import Request.
  Time since last request: 1.724055 seconds.
  path: Assets/Button.prefab
  artifactKey: Guid(6a20412270ae16740aa67d73fa8dd246) Importer(815301076,1909f56bfc062723c751e8b465ee728b)
Start importing Assets/Button.prefab using Guid(6a20412270ae16740aa67d73fa8dd246) Importer(815301076,1909f56bfc062723c751e8b465ee728b)  -> (artifact id: 'b6becab472e97e5c4d500b11ae2acdc4') in 0.003021 seconds
  Import took 0.004480 seconds .

========================================================================
Received Import Request.
  Time since last request: 4.553356 seconds.
  path: Assets/Button.prefab
  artifactKey: Guid(6a20412270ae16740aa67d73fa8dd246) Importer(815301076,1909f56bfc062723c751e8b465ee728b)
Start importing Assets/Button.prefab using Guid(6a20412270ae16740aa67d73fa8dd246) Importer(815301076,1909f56bfc062723c751e8b465ee728b)  -> (artifact id: '09a0af083a4912472ec84e16eb064195') in 0.003586 seconds
  Import took 0.005176 seconds .

========================================================================
Received Prepare
Registering precompiled user dll's ...
Registered in 0.000533 seconds.
Begin MonoManager ReloadAssembly
Native extension for LinuxStandalone target not found
Native extension for WindowsStandalone target not found
Native extension for OSXStandalone target not found
Native extension for WebGL target not found
Refreshing native plugins compatible for Editor in 0.25 ms, found 0 plugins.
Preloading 0 native plugins for Editor in 0.00 ms.
Invoked RoslynAnalysisRunner static constructor.
RoslynAnalysisRunner will not be running.
RoslynAnalysisRunner has terminated.
Mono: successfully reloaded assembly
- Completed reload, in  0.611 seconds
Platform modules already initialized, skipping
Refreshing native plugins compatible for Editor in 0.24 ms, found 0 plugins.
Preloading 0 native plugins for Editor in 0.00 ms.
Unloading 1106 Unused Serialized files (Serialized files now loaded: 0)
System memory in use before: 62.4 MB.
System memory in use after: 61.9 MB.

Unloading 18 unused Assets to reduce memory usage. Loaded Objects now: 1601.
Total: 1.449000 ms (FindLiveObjects: 0.111300 ms CreateObjectMapping: 0.025500 ms MarkObjects: 1.092500 ms  DeleteObjects: 0.218700 ms)

========================================================================
Received Import Request.
  Time since last request: 25.410003 seconds.
  path: Assets/Prefabs
  artifactKey: Guid(95115d33cd8612e478d7740426ad749b) Importer(815301076,1909f56bfc062723c751e8b465ee728b)
Start importing Assets/Prefabs using Guid(95115d33cd8612e478d7740426ad749b) Importer(815301076,1909f56bfc062723c751e8b465ee728b)  -> (artifact id: '99217691cb1e3f4e1f3295bbda621fb4') in 0.011185 seconds
  Import took 0.012713 seconds .

========================================================================
Received Import Request.
  Time since last request: 24.310197 seconds.
  path: Assets/Capsule.prefab
  artifactKey: Guid(c9ae58d948babe74ab10e025fe4558aa) Importer(815301076,1909f56bfc062723c751e8b465ee728b)
Start importing Assets/Capsule.prefab using Guid(c9ae58d948babe74ab10e025fe4558aa) Importer(815301076,1909f56bfc062723c751e8b465ee728b)  -> (artifact id: '3422960b7f0a24bdc75460f84581db33') in 0.056281 seconds
  Import took 0.057782 seconds .

========================================================================
Received Prepare
Registering precompiled user dll's ...
Registered in 0.000454 seconds.
Begin MonoManager ReloadAssembly
Native extension for LinuxStandalone target not found
Native extension for WindowsStandalone target not found
Native extension for OSXStandalone target not found
Native extension for WebGL target not found
Refreshing native plugins compatible for Editor in 0.18 ms, found 0 plugins.
Preloading 0 native plugins for Editor in 0.00 ms.
Invoked RoslynAnalysisRunner static constructor.
RoslynAnalysisRunner will not be running.
RoslynAnalysisRunner has terminated.
Mono: successfully reloaded assembly
- Completed reload, in  0.599 seconds
Platform modules already initialized, skipping
Refreshing native plugins compatible for Editor in 0.16 ms, found 0 plugins.
Preloading 0 native plugins for Editor in 0.00 ms.
Unloading 1105 Unused Serialized files (Serialized files now loaded: 0)
System memory in use before: 62.9 MB.
System memory in use after: 62.4 MB.

Unloading 18 unused Assets to reduce memory usage. Loaded Objects now: 1607.
Total: 1.294000 ms (FindLiveObjects: 0.117800 ms CreateObjectMapping: 0.027400 ms MarkObjects: 0.942600 ms  DeleteObjects: 0.205500 ms)

========================================================================
Received Prepare
Registering precompiled user dll's ...
Registered in 0.000464 seconds.
Begin MonoManager ReloadAssembly
Native extension for LinuxStandalone target not found
Native extension for WindowsStandalone target not found
Native extension for OSXStandalone target not found
Native extension for WebGL target not found
Refreshing native plugins compatible for Editor in 0.16 ms, found 0 plugins.
Preloading 0 native plugins for Editor in 0.00 ms.
Invoked RoslynAnalysisRunner static constructor.
RoslynAnalysisRunner will not be running.
RoslynAnalysisRunner has terminated.
Mono: successfully reloaded assembly
- Completed reload, in  0.568 seconds
Platform modules already initialized, skipping
Refreshing native plugins compatible for Editor in 0.16 ms, found 0 plugins.
Preloading 0 native plugins for Editor in 0.00 ms.
Unloading 1105 Unused Serialized files (Serialized files now loaded: 0)
System memory in use before: 63.0 MB.
System memory in use after: 62.5 MB.

Unloading 17 unused Assets to reduce memory usage. Loaded Objects now: 1609.
Total: 1.318500 ms (FindLiveObjects: 0.114100 ms CreateObjectMapping: 0.027400 ms MarkObjects: 0.948700 ms  DeleteObjects: 0.227100 ms)

========================================================================
Received Import Request.
  Time since last request: 434.946542 seconds.
  path: Assets/Scenes/ActualGame.unity
  artifactKey: Guid(7469f4c4e76b3034892a37a45a44f0b5) Importer(815301076,1909f56bfc062723c751e8b465ee728b)
Start importing Assets/Scenes/ActualGame.unity using Guid(7469f4c4e76b3034892a37a45a44f0b5) Importer(815301076,1909f56bfc062723c751e8b465ee728b)  -> (artifact id: 'e4a58bc1cd280c963bd9557d73709972') in 0.011110 seconds
  Import took 0.012763 seconds .

========================================================================
Received Import Request.
  Time since last request: 58.558661 seconds.
  path: Assets/Scenes/Game.unity
  artifactKey: Guid(732b1a8862db04641b316a7e75f285e1) Importer(815301076,1909f56bfc062723c751e8b465ee728b)
Start importing Assets/Scenes/Game.unity using Guid(732b1a8862db04641b316a7e75f285e1) Importer(815301076,1909f56bfc062723c751e8b465ee728b)  -> (artifact id: '9d61c7042e6c4b050bb9f0f265aa0de7') in 0.005106 seconds
  Import took 0.006572 seconds .

========================================================================
Received Prepare
Registering precompiled user dll's ...
Registered in 0.000463 seconds.
Begin MonoManager ReloadAssembly
Native extension for LinuxStandalone target not found
Native extension for WindowsStandalone target not found
Native extension for OSXStandalone target not found
Native extension for WebGL target not found
Refreshing native plugins compatible for Editor in 0.16 ms, found 0 plugins.
Preloading 0 native plugins for Editor in 0.00 ms.
Invoked RoslynAnalysisRunner static constructor.
RoslynAnalysisRunner will not be running.
RoslynAnalysisRunner has terminated.
Mono: successfully reloaded assembly
- Completed reload, in  0.586 seconds
Platform modules already initialized, skipping
Refreshing native plugins compatible for Editor in 0.16 ms, found 0 plugins.
Preloading 0 native plugins for Editor in 0.00 ms.
Unloading 1105 Unused Serialized files (Serialized files now loaded: 0)
System memory in use before: 63.1 MB.
System memory in use after: 62.7 MB.

Unloading 17 unused Assets to reduce memory usage. Loaded Objects now: 1611.
Total: 1.363400 ms (FindLiveObjects: 0.105300 ms CreateObjectMapping: 0.025800 ms MarkObjects: 1.001100 ms  DeleteObjects: 0.230200 ms)

========================================================================
Received Import Request.
  Time since last request: 94.463433 seconds.
  path: ProjectSettings/TagManager.asset
  artifactKey: Guid(00000000000000003000000000000000) Importer(815301076,1909f56bfc062723c751e8b465ee728b)
Start importing ProjectSettings/TagManager.asset using Guid(00000000000000003000000000000000) Importer(815301076,1909f56bfc062723c751e8b465ee728b)  -> (artifact id: '8988b340c206bb1d98ca0d47b0266d3b') in 0.012105 seconds
  Import took 0.013566 seconds .

========================================================================
Received Import Request.
  Time since last request: 0.000362 seconds.
  path: ProjectSettings/TagManager.asset
  artifactKey: Guid(00000000000000003000000000000000) Importer(815301076,1909f56bfc062723c751e8b465ee728b)
Start importing ProjectSettings/TagManager.asset using Guid(00000000000000003000000000000000) Importer(815301076,1909f56bfc062723c751e8b465ee728b)  -> (artifact id: '8988b340c206bb1d98ca0d47b0266d3b') in 0.002128 seconds
  Import took 0.003385 seconds .

========================================================================
Received Prepare
Registering precompiled user dll's ...
Registered in 0.000396 seconds.
Begin MonoManager ReloadAssembly
Native extension for LinuxStandalone target not found
Native extension for WindowsStandalone target not found
Native extension for OSXStandalone target not found
Native extension for WebGL target not found
Refreshing native plugins compatible for Editor in 0.16 ms, found 0 plugins.
Preloading 0 native plugins for Editor in 0.00 ms.
Invoked RoslynAnalysisRunner static constructor.
RoslynAnalysisRunner will not be running.
RoslynAnalysisRunner has terminated.
Mono: successfully reloaded assembly
- Completed reload, in  0.579 seconds
Platform modules already initialized, skipping
Refreshing native plugins compatible for Editor in 0.15 ms, found 0 plugins.
Preloading 0 native plugins for Editor in 0.00 ms.
Unloading 1105 Unused Serialized files (Serialized files now loaded: 0)
System memory in use before: 63.3 MB.
System memory in use after: 62.8 MB.

Unloading 19 unused Assets to reduce memory usage. Loaded Objects now: 1613.
Total: 1.308700 ms (FindLiveObjects: 0.115200 ms CreateObjectMapping: 0.026000 ms MarkObjects: 0.944700 ms  DeleteObjects: 0.222100 ms)

========================================================================
Received Prepare
Registering precompiled user dll's ...
Registered in 0.000422 seconds.
Begin MonoManager ReloadAssembly
Native extension for LinuxStandalone target not found
Native extension for WindowsStandalone target not found
Native extension for OSXStandalone target not found
Native extension for WebGL target not found
Refreshing native plugins compatible for Editor in 0.16 ms, found 0 plugins.
Preloading 0 native plugins for Editor in 0.00 ms.
Invoked RoslynAnalysisRunner static constructor.
RoslynAnalysisRunner will not be running.
RoslynAnalysisRunner has terminated.
Mono: successfully reloaded assembly
- Completed reload, in  0.572 seconds
Platform modules already initialized, skipping
Refreshing native plugins compatible for Editor in 0.16 ms, found 0 plugins.
Preloading 0 native plugins for Editor in 0.00 ms.
Unloading 1105 Unused Serialized files (Serialized files now loaded: 0)
System memory in use before: 63.4 MB.
System memory in use after: 62.9 MB.

Unloading 17 unused Assets to reduce memory usage. Loaded Objects now: 1615.
Total: 1.397200 ms (FindLiveObjects: 0.146600 ms CreateObjectMapping: 0.028100 ms MarkObjects: 0.990400 ms  DeleteObjects: 0.231200 ms)

========================================================================
Received Prepare
Registering precompiled user dll's ...
Registered in 0.000457 seconds.
Begin MonoManager ReloadAssembly
Native extension for LinuxStandalone target not found
Native extension for WindowsStandalone target not found
Native extension for OSXStandalone target not found
Native extension for WebGL target not found
Refreshing native plugins compatible for Editor in 0.17 ms, found 0 plugins.
Preloading 0 native plugins for Editor in 0.00 ms.
Invoked RoslynAnalysisRunner static constructor.
RoslynAnalysisRunner will not be running.
RoslynAnalysisRunner has terminated.
Mono: successfully reloaded assembly
- Completed reload, in  0.604 seconds
Platform modules already initialized, skipping
Refreshing native plugins compatible for Editor in 0.17 ms, found 0 plugins.
Preloading 0 native plugins for Editor in 0.00 ms.
Unloading 1105 Unused Serialized files (Serialized files now loaded: 0)
System memory in use before: 63.5 MB.
System memory in use after: 63.0 MB.

Unloading 17 unused Assets to reduce memory usage. Loaded Objects now: 1617.
Total: 1.422400 ms (FindLiveObjects: 0.117400 ms CreateObjectMapping: 0.032900 ms MarkObjects: 1.030100 ms  DeleteObjects: 0.241200 ms)

========================================================================
Received Prepare
Registering precompiled user dll's ...
Registered in 0.000431 seconds.
Begin MonoManager ReloadAssembly
Native extension for LinuxStandalone target not found
Native extension for WindowsStandalone target not found
Native extension for OSXStandalone target not found
Native extension for WebGL target not found
Refreshing native plugins compatible for Editor in 0.16 ms, found 0 plugins.
Preloading 0 native plugins for Editor in 0.00 ms.
Invoked RoslynAnalysisRunner static constructor.
RoslynAnalysisRunner will not be running.
RoslynAnalysisRunner has terminated.
Mono: successfully reloaded assembly
- Completed reload, in  0.587 seconds
Platform modules already initialized, skipping
Refreshing native plugins compatible for Editor in 0.15 ms, found 0 plugins.
Preloading 0 native plugins for Editor in 0.00 ms.
Unloading 1105 Unused Serialized files (Serialized files now loaded: 0)
System memory in use before: 63.6 MB.
System memory in use after: 63.2 MB.

Unloading 17 unused Assets to reduce memory usage. Loaded Objects now: 1619.
Total: 1.305400 ms (FindLiveObjects: 0.114500 ms CreateObjectMapping: 0.028100 ms MarkObjects: 0.934200 ms  DeleteObjects: 0.227800 ms)

========================================================================
Received Prepare
Registering precompiled user dll's ...
Registered in 0.000479 seconds.
Begin MonoManager ReloadAssembly
Native extension for LinuxStandalone target not found
Native extension for WindowsStandalone target not found
Native extension for OSXStandalone target not found
Native extension for WebGL target not found
Refreshing native plugins compatible for Editor in 0.19 ms, found 0 plugins.
Preloading 0 native plugins for Editor in 0.00 ms.
Invoked RoslynAnalysisRunner static constructor.
RoslynAnalysisRunner will not be running.
RoslynAnalysisRunner has terminated.
Mono: successfully reloaded assembly
- Completed reload, in  0.581 seconds
Platform modules already initialized, skipping
Refreshing native plugins compatible for Editor in 0.25 ms, found 0 plugins.
Preloading 0 native plugins for Editor in 0.00 ms.
Unloading 1105 Unused Serialized files (Serialized files now loaded: 0)
System memory in use before: 63.7 MB.
System memory in use after: 63.3 MB.

Unloading 17 unused Assets to reduce memory usage. Loaded Objects now: 1621.
Total: 2.055700 ms (FindLiveObjects: 0.154500 ms CreateObjectMapping: 0.038700 ms MarkObjects: 1.540600 ms  DeleteObjects: 0.320700 ms)

========================================================================
Received Prepare
Registering precompiled user dll's ...
Registered in 0.000407 seconds.
Begin MonoManager ReloadAssembly
Native extension for LinuxStandalone target not found
Native extension for WindowsStandalone target not found
Native extension for OSXStandalone target not found
Native extension for WebGL target not found
Refreshing native plugins compatible for Editor in 0.17 ms, found 0 plugins.
Preloading 0 native plugins for Editor in 0.00 ms.
Invoked RoslynAnalysisRunner static constructor.
RoslynAnalysisRunner will not be running.
RoslynAnalysisRunner has terminated.
Mono: successfully reloaded assembly
- Completed reload, in  0.586 seconds
Platform modules already initialized, skipping
Refreshing native plugins compatible for Editor in 0.16 ms, found 0 plugins.
Preloading 0 native plugins for Editor in 0.00 ms.
Unloading 1105 Unused Serialized files (Serialized files now loaded: 0)
System memory in use before: 63.9 MB.
System memory in use after: 63.4 MB.

Unloading 17 unused Assets to reduce memory usage. Loaded Objects now: 1623.
Total: 1.402100 ms (FindLiveObjects: 0.146500 ms CreateObjectMapping: 0.035700 ms MarkObjects: 0.972900 ms  DeleteObjects: 0.245700 ms)

========================================================================
Received Prepare
Registering precompiled user dll's ...
Registered in 0.000461 seconds.
Begin MonoManager ReloadAssembly
Native extension for LinuxStandalone target not found
Native extension for WindowsStandalone target not found
Native extension for OSXStandalone target not found
Native extension for WebGL target not found
Refreshing native plugins compatible for Editor in 0.19 ms, found 0 plugins.
Preloading 0 native plugins for Editor in 0.00 ms.
Invoked RoslynAnalysisRunner static constructor.
RoslynAnalysisRunner will not be running.
RoslynAnalysisRunner has terminated.
Mono: successfully reloaded assembly
- Completed reload, in  0.594 seconds
Platform modules already initialized, skipping
Refreshing native plugins compatible for Editor in 0.16 ms, found 0 plugins.
Preloading 0 native plugins for Editor in 0.00 ms.
Unloading 1105 Unused Serialized files (Serialized files now loaded: 0)
System memory in use before: 64.0 MB.
System memory in use after: 63.5 MB.

Unloading 17 unused Assets to reduce memory usage. Loaded Objects now: 1625.
Total: 1.458600 ms (FindLiveObjects: 0.157100 ms CreateObjectMapping: 0.045900 ms MarkObjects: 1.007400 ms  DeleteObjects: 0.247000 ms)

========================================================================
Received Prepare
Registering precompiled user dll's ...
Registered in 0.000415 seconds.
Begin MonoManager ReloadAssembly
Native extension for LinuxStandalone target not found
Native extension for WindowsStandalone target not found
Native extension for OSXStandalone target not found
Native extension for WebGL target not found
Refreshing native plugins compatible for Editor in 0.17 ms, found 0 plugins.
Preloading 0 native plugins for Editor in 0.00 ms.
Invoked RoslynAnalysisRunner static constructor.
RoslynAnalysisRunner will not be running.
RoslynAnalysisRunner has terminated.
Mono: successfully reloaded assembly
- Completed reload, in  0.583 seconds
Platform modules already initialized, skipping
Refreshing native plugins compatible for Editor in 0.17 ms, found 0 plugins.
Preloading 0 native plugins for Editor in 0.00 ms.
Unloading 1105 Unused Serialized files (Serialized files now loaded: 0)
System memory in use before: 64.0 MB.
System memory in use after: 63.5 MB.

Unloading 17 unused Assets to reduce memory usage. Loaded Objects now: 1627.
Total: 2.018000 ms (FindLiveObjects: 0.193600 ms CreateObjectMapping: 0.047200 ms MarkObjects: 1.488400 ms  DeleteObjects: 0.286000 ms)

========================================================================
Received Prepare
Registering precompiled user dll's ...
Registered in 0.000473 seconds.
Begin MonoManager ReloadAssembly
Native extension for LinuxStandalone target not found
Native extension for WindowsStandalone target not found
Native extension for OSXStandalone target not found
Native extension for WebGL target not found
Refreshing native plugins compatible for Editor in 0.16 ms, found 0 plugins.
Preloading 0 native plugins for Editor in 0.00 ms.
Invoked RoslynAnalysisRunner static constructor.
RoslynAnalysisRunner will not be running.
RoslynAnalysisRunner has terminated.
Mono: successfully reloaded assembly
- Completed reload, in  0.583 seconds
Platform modules already initialized, skipping
Refreshing native plugins compatible for Editor in 0.18 ms, found 0 plugins.
Preloading 0 native plugins for Editor in 0.00 ms.
Unloading 1105 Unused Serialized files (Serialized files now loaded: 0)
System memory in use before: 63.2 MB.
System memory in use after: 62.8 MB.

Unloading 17 unused Assets to reduce memory usage. Loaded Objects now: 1629.
Total: 1.645300 ms (FindLiveObjects: 0.139600 ms CreateObjectMapping: 0.044400 ms MarkObjects: 1.165900 ms  DeleteObjects: 0.294300 ms)

========================================================================
Received Prepare
Registering precompiled user dll's ...
Registered in 0.000424 seconds.
Begin MonoManager ReloadAssembly
Native extension for LinuxStandalone target not found
Native extension for WindowsStandalone target not found
Native extension for OSXStandalone target not found
Native extension for WebGL target not found
Refreshing native plugins compatible for Editor in 0.16 ms, found 0 plugins.
Preloading 0 native plugins for Editor in 0.00 ms.
Invoked RoslynAnalysisRunner static constructor.
RoslynAnalysisRunner will not be running.
RoslynAnalysisRunner has terminated.
Mono: successfully reloaded assembly
- Completed reload, in  0.575 seconds
Platform modules already initialized, skipping
Refreshing native plugins compatible for Editor in 0.16 ms, found 0 plugins.
Preloading 0 native plugins for Editor in 0.00 ms.
Unloading 1105 Unused Serialized files (Serialized files now loaded: 0)
System memory in use before: 63.4 MB.
System memory in use after: 62.9 MB.

Unloading 17 unused Assets to reduce memory usage. Loaded Objects now: 1631.
Total: 1.324800 ms (FindLiveObjects: 0.112400 ms CreateObjectMapping: 0.030700 ms MarkObjects: 0.961800 ms  DeleteObjects: 0.219100 ms)

========================================================================
Received Prepare
Registering precompiled user dll's ...
Registered in 0.000428 seconds.
Begin MonoManager ReloadAssembly
Native extension for LinuxStandalone target not found
Native extension for WindowsStandalone target not found
Native extension for OSXStandalone target not found
Native extension for WebGL target not found
Refreshing native plugins compatible for Editor in 0.18 ms, found 0 plugins.
Preloading 0 native plugins for Editor in 0.00 ms.
Invoked RoslynAnalysisRunner static constructor.
RoslynAnalysisRunner will not be running.
RoslynAnalysisRunner has terminated.
Mono: successfully reloaded assembly
- Completed reload, in  0.584 seconds
Platform modules already initialized, skipping
Refreshing native plugins compatible for Editor in 0.17 ms, found 0 plugins.
Preloading 0 native plugins for Editor in 0.00 ms.
Unloading 1105 Unused Serialized files (Serialized files now loaded: 0)
System memory in use before: 63.5 MB.
System memory in use after: 63.0 MB.

Unloading 17 unused Assets to reduce memory usage. Loaded Objects now: 1633.
Total: 2.011700 ms (FindLiveObjects: 0.165800 ms CreateObjectMapping: 0.047000 ms MarkObjects: 1.558400 ms  DeleteObjects: 0.239400 ms)

========================================================================
Received Prepare
Registering precompiled user dll's ...
Registered in 0.000593 seconds.
Begin MonoManager ReloadAssembly
Native extension for LinuxStandalone target not found
Native extension for WindowsStandalone target not found
Native extension for OSXStandalone target not found
Native extension for WebGL target not found
Refreshing native plugins compatible for Editor in 0.17 ms, found 0 plugins.
Preloading 0 native plugins for Editor in 0.00 ms.
Invoked RoslynAnalysisRunner static constructor.
RoslynAnalysisRunner will not be running.
RoslynAnalysisRunner has terminated.
Mono: successfully reloaded assembly
- Completed reload, in  0.604 seconds
Platform modules already initialized, skipping
Refreshing native plugins compatible for Editor in 0.16 ms, found 0 plugins.
Preloading 0 native plugins for Editor in 0.00 ms.
Unloading 1105 Unused Serialized files (Serialized files now loaded: 0)
System memory in use before: 63.6 MB.
System memory in use after: 63.1 MB.

Unloading 17 unused Assets to reduce memory usage. Loaded Objects now: 1635.
Total: 1.483300 ms (FindLiveObjects: 0.166700 ms CreateObjectMapping: 0.036100 ms MarkObjects: 1.035100 ms  DeleteObjects: 0.244100 ms)

========================================================================
Received Import Request.
  Time since last request: 1491.428143 seconds.
  path: ProjectSettings/TagManager.asset
  artifactKey: Guid(00000000000000003000000000000000) Importer(815301076,1909f56bfc062723c751e8b465ee728b)
Start importing ProjectSettings/TagManager.asset using Guid(00000000000000003000000000000000) Importer(815301076,1909f56bfc062723c751e8b465ee728b)  -> (artifact id: 'c6476c5bece158e06a4d5c366742faf7') in 0.009609 seconds
  Import took 0.011271 seconds .

AssetImportWorkerClient::OnTransportError - code=2 error=End of file
